# JRE version: Java(TM) SE Runtime Environment (16.0.1+9) (build 16.0.1+9-24)
# Java VM: Java HotSpot(TM) 64-Bit Server VM (16.0.1+9-24, mixed mode, sharing, tiered, compressed oops, compressed class ptrs, g1 gc, windows-amd64)
GC Precious Log:
 CPUs: 4 total, 4 available
 Memory: 8108M
 Large Page Support: Disabled
 NUMA Support: Disabled
 Compressed Oops: Enabled (32-bit)
 Heap Region Size: 1M
 Heap Min Capacity: 8M
 Heap Initial Capacity: 128M
 Heap Max Capacity: 2028M
 Pre-touch: Disabled
 Parallel Workers: 4
 Concurrent Workers: 1
 Concurrent Refinement Workers: 4
 Periodic GC: Disabled
Heap:
 garbage-first heap   total 191488K, used 120950K [0x0000000081400000, 0x0000000100000000)
  region size 1024K, 24 young (24576K), 4 survivors (4096K)
 Metaspace       used 103580K, committed 104576K, reserved 1146880K
  class space    used 12590K, committed 13120K, reserved 1048576K
GC Heap History (20 events):
Event: 275.437 GC heap before
{Heap before GC invocations=67 (full 0):
 garbage-first heap   total 176128K, used 115124K [0x0000000081400000, 0x0000000100000000)
  region size 1024K, 18 young (18432K), 2 survivors (2048K)
 Metaspace       used 102222K, committed 103168K, reserved 1146880K
  class space    used 12396K, committed 12864K, reserved 1048576K
}
Event: 275.443 GC heap after
{Heap after GC invocations=68 (full 0):
 garbage-first heap   total 176128K, used 98961K [0x0000000081400000, 0x0000000100000000)
  region size 1024K, 2 young (2048K), 2 survivors (2048K)
 Metaspace       used 102222K, committed 103168K, reserved 1146880K
  class space    used 12396K, committed 12864K, reserved 1048576K
}
Event: 278.967 GC heap before
{Heap before GC invocations=69 (full 0):
 garbage-first heap   total 176128K, used 116369K [0x0000000081400000, 0x0000000100000000)
  region size 1024K, 19 young (19456K), 2 survivors (2048K)
 Metaspace       used 102308K, committed 103232K, reserved 1146880K
  class space    used 12396K, committed 12864K, reserved 1048576K
}
Event: 278.971 GC heap after
{Heap after GC invocations=70 (full 0):
 garbage-first heap   total 176128K, used 98916K [0x0000000081400000, 0x0000000100000000)
  region size 1024K, 2 young (2048K), 2 survivors (2048K)
 Metaspace       used 102308K, committed 103232K, reserved 1146880K
  class space    used 12396K, committed 12864K, reserved 1048576K
}
Event: 282.300 GC heap before
{Heap before GC invocations=71 (full 0):
 garbage-first heap   total 176128K, used 113252K [0x0000000081400000, 0x0000000100000000)
  region size 1024K, 16 young (16384K), 2 survivors (2048K)
 Metaspace       used 102312K, committed 103232K, reserved 1146880K
  class space    used 12396K, committed 12864K, reserved 1048576K
}
Event: 282.307 GC heap after
{Heap after GC invocations=72 (full 0):
 garbage-first heap   total 176128K, used 99559K [0x0000000081400000, 0x0000000100000000)
  region size 1024K, 3 young (3072K), 3 survivors (3072K)
 Metaspace       used 102312K, committed 103232K, reserved 1146880K
  class space    used 12396K, committed 12864K, reserved 1048576K
}
Event: 287.877 GC heap before
{Heap before GC invocations=73 (full 0):
 garbage-first heap   total 176128K, used 120039K [0x0000000081400000, 0x0000000100000000)
  region size 1024K, 23 young (23552K), 3 survivors (3072K)
 Metaspace       used 102490K, committed 103424K, reserved 1146880K
  class space    used 12417K, committed 12864K, reserved 1048576K
}
Event: 287.883 GC heap after
{Heap after GC invocations=74 (full 0):
 garbage-first heap   total 176128K, used 99360K [0x0000000081400000, 0x0000000100000000)
  region size 1024K, 3 young (3072K), 3 survivors (3072K)
 Metaspace       used 102490K, committed 103424K, reserved 1146880K
  class space    used 12417K, committed 12864K, reserved 1048576K
}
Event: 291.420 GC heap before
{Heap before GC invocations=75 (full 0):
 garbage-first heap   total 176128K, used 124960K [0x0000000081400000, 0x0000000100000000)
  region size 1024K, 28 young (28672K), 3 survivors (3072K)
 Metaspace       used 103252K, committed 104256K, reserved 1146880K
  class space    used 12535K, committed 13056K, reserved 1048576K
}
Event: 291.448 GC heap after
{Heap after GC invocations=76 (full 0):
 garbage-first heap   total 176128K, used 99622K [0x0000000081400000, 0x0000000100000000)
  region size 1024K, 3 young (3072K), 3 survivors (3072K)
 Metaspace       used 103252K, committed 104256K, reserved 1146880K
  class space    used 12535K, committed 13056K, reserved 1048576K
}
Event: 292.515 GC heap before
{Heap before GC invocations=77 (full 0):
 garbage-first heap   total 176128K, used 114982K [0x0000000081400000, 0x0000000100000000)
  region size 1024K, 18 young (18432K), 3 survivors (3072K)
 Metaspace       used 103264K, committed 104256K, reserved 1146880K
  class space    used 12535K, committed 13056K, reserved 1048576K
}
Event: 292.523 GC heap after
{Heap after GC invocations=78 (full 0):
 garbage-first heap   total 176128K, used 100246K [0x0000000081400000, 0x0000000100000000)
  region size 1024K, 4 young (4096K), 4 survivors (4096K)
 Metaspace       used 103264K, committed 104256K, reserved 1146880K
  class space    used 12535K, committed 13056K, reserved 1048576K
}
Event: 293.786 GC heap before
{Heap before GC invocations=79 (full 0):
 garbage-first heap   total 176128K, used 118678K [0x0000000081400000, 0x0000000100000000)
  region size 1024K, 23 young (23552K), 4 survivors (4096K)
 Metaspace       used 103304K, committed 104320K, reserved 1146880K
  class space    used 12540K, committed 13056K, reserved 1048576K
}
Event: 293.794 GC heap after
{Heap after GC invocations=80 (full 0):
 garbage-first heap   total 176128K, used 100912K [0x0000000081400000, 0x0000000100000000)
  region size 1024K, 4 young (4096K), 4 survivors (4096K)
 Metaspace       used 103304K, committed 104320K, reserved 1146880K
  class space    used 12540K, committed 13056K, reserved 1048576K
}
Event: 294.830 GC heap before
{Heap before GC invocations=81 (full 0):
 garbage-first heap   total 191488K, used 116272K [0x0000000081400000, 0x0000000100000000)
  region size 1024K, 19 young (19456K), 4 survivors (4096K)
 Metaspace       used 103317K, committed 104320K, reserved 1146880K
  class space    used 12540K, committed 13056K, reserved 1048576K
}
Event: 294.838 GC heap after
{Heap after GC invocations=82 (full 0):
 garbage-first heap   total 191488K, used 100174K [0x0000000081400000, 0x0000000100000000)
  region size 1024K, 3 young (3072K), 3 survivors (3072K)
 Metaspace       used 103317K, committed 104320K, reserved 1146880K
  class space    used 12540K, committed 13056K, reserved 1048576K
}
Event: 295.585 GC heap before
{Heap before GC invocations=83 (full 0):
 garbage-first heap   total 191488K, used 115534K [0x0000000081400000, 0x0000000100000000)
  region size 1024K, 18 young (18432K), 3 survivors (3072K)
 Metaspace       used 103333K, committed 104320K, reserved 1146880K
  class space    used 12540K, committed 13056K, reserved 1048576K
}
Event: 295.595 GC heap after
{Heap after GC invocations=84 (full 0):
 garbage-first heap   total 191488K, used 101110K [0x0000000081400000, 0x0000000100000000)
  region size 1024K, 4 young (4096K), 4 survivors (4096K)
 Metaspace       used 103333K, committed 104320K, reserved 1146880K
  class space    used 12540K, committed 13056K, reserved 1048576K
}
Event: 296.536 GC heap before
{Heap before GC invocations=85 (full 0):
 garbage-first heap   total 191488K, used 118518K [0x0000000081400000, 0x0000000100000000)
  region size 1024K, 21 young (21504K), 4 survivors (4096K)
 Metaspace       used 103404K, committed 104384K, reserved 1146880K
  class space    used 12551K, committed 13056K, reserved 1048576K
}
Event: 296.545 GC heap after
{Heap after GC invocations=86 (full 0):
 garbage-first heap   total 191488K, used 100792K [0x0000000081400000, 0x0000000100000000)
  region size 1024K, 4 young (4096K), 4 survivors (4096K)
 Metaspace       used 103404K, committed 104384K, reserved 1146880K
  class space    used 12551K, committed 13056K, reserved 1048576K
}

